<?xml version="1.0" encoding="UTF-8"?>
<!-- Generated by org.testng.reporters.JUnitXMLReporter -->
<testsuite hostname="LAPTOP-J5E58BQH" name="Default test" tests="7" failures="0" timestamp="21 Mar 2022 08:15:36 GMT" time="13.459" errors="0">
  <testcase name="create_user" time="4.412" classname="petstore_rest_project.petstore_assignment"/>
  <testcase name="create_with_list_object" time="1.807" classname="petstore_rest_project.petstore_assignment"/>
  <testcase name="put_user" time="1.426" classname="petstore_rest_project.petstore_assignment"/>
  <testcase name="user_login" time="1.62" classname="petstore_rest_project.petstore_assignment"/>
  <testcase name="user_logout" time="1.45" classname="petstore_rest_project.petstore_assignment"/>
  <testcase name="delete_user" time="1.417" classname="petstore_rest_project.petstore_assignment"/>
  <testcase name="get_user" time="1.312" classname="petstore_rest_project.petstore_assignment"/>
</testsuite> <!-- Default test -->
