<?xml version="1.0" encoding="UTF-8"?>
<testng-results skipped="0" failed="0" total="7" passed="7">
  <reporter-output>
  </reporter-output>
  <suite name="Default suite" duration-ms="13459" started-at="2022-03-21T08:15:23Z" finished-at="2022-03-21T08:15:36Z">
    <groups>
    </groups>
    <test name="Default test" duration-ms="13459" started-at="2022-03-21T08:15:23Z" finished-at="2022-03-21T08:15:36Z">
      <class name="petstore_rest_project.petstore_assignment">
        <test-method status="PASS" signature="create_user()[pri:0, instance:petstore_rest_project.petstore_assignment@11531931]" name="create_user" duration-ms="4412" started-at="2022-03-21T13:45:23Z" finished-at="2022-03-21T13:45:27Z">
          <reporter-output>
          </reporter-output>
        </test-method> <!-- create_user -->
        <test-method status="PASS" signature="create_with_list_object()[pri:0, instance:petstore_rest_project.petstore_assignment@11531931]" name="create_with_list_object" duration-ms="1807" started-at="2022-03-21T13:45:27Z" finished-at="2022-03-21T13:45:29Z">
          <reporter-output>
          </reporter-output>
        </test-method> <!-- create_with_list_object -->
        <test-method status="PASS" signature="put_user()[pri:0, instance:petstore_rest_project.petstore_assignment@11531931]" name="put_user" duration-ms="1426" started-at="2022-03-21T13:45:29Z" finished-at="2022-03-21T13:45:31Z">
          <reporter-output>
          </reporter-output>
        </test-method> <!-- put_user -->
        <test-method status="PASS" signature="user_login()[pri:0, instance:petstore_rest_project.petstore_assignment@11531931]" name="user_login" duration-ms="1620" started-at="2022-03-21T13:45:31Z" finished-at="2022-03-21T13:45:32Z">
          <reporter-output>
          </reporter-output>
        </test-method> <!-- user_login -->
        <test-method status="PASS" signature="user_logout()[pri:0, instance:petstore_rest_project.petstore_assignment@11531931]" name="user_logout" duration-ms="1450" started-at="2022-03-21T13:45:32Z" finished-at="2022-03-21T13:45:34Z">
          <reporter-output>
          </reporter-output>
        </test-method> <!-- user_logout -->
        <test-method status="PASS" signature="delete_user()[pri:0, instance:petstore_rest_project.petstore_assignment@11531931]" name="delete_user" duration-ms="1417" started-at="2022-03-21T13:45:34Z" depends-on-methods="petstore_rest_project.petstore_assignment.create_user" finished-at="2022-03-21T13:45:35Z">
          <reporter-output>
          </reporter-output>
        </test-method> <!-- delete_user -->
        <test-method status="PASS" signature="get_user()[pri:0, instance:petstore_rest_project.petstore_assignment@11531931]" name="get_user" duration-ms="1312" started-at="2022-03-21T13:45:35Z" depends-on-methods="petstore_rest_project.petstore_assignment.create_user" finished-at="2022-03-21T13:45:36Z">
          <reporter-output>
          </reporter-output>
        </test-method> <!-- get_user -->
      </class> <!-- petstore_rest_project.petstore_assignment -->
    </test> <!-- Default test -->
  </suite> <!-- Default suite -->
</testng-results>
